<?xml version="1.0" encoding="UTF-8"?>
<testsuite name="org.adaschool.Weather.controller.WeatherReportControllerTest" tests="1" skipped="0" failures="0" errors="0" timestamp="2023-09-25T20:33:05" hostname="DESKTOP-V8M0KSJ" time="1.779">
  <properties/>
  <testcase name="getWeatherReport_shouldReturnWeatherReport()" classname="org.adaschool.Weather.controller.WeatherReportControllerTest" time="1.779"/>
  <system-out><![CDATA[15:33:06.545 [Test worker] DEBUG _org.springframework.web.servlet.HandlerMapping.Mappings - 
	o.a.W.c.WeatherReportController:
	{GET [/v1/api/weather-report]}: getWeatherReport(double,double)
15:33:06.554 [Test worker] DEBUG org.springframework.web.servlet.mvc.method.annotation.RequestMappingHandlerMapping - 1 mappings in org.springframework.web.servlet.mvc.method.annotation.RequestMappingHandlerMapping
15:33:06.829 [Test worker] DEBUG org.springframework.web.servlet.mvc.method.annotation.RequestMappingHandlerAdapter - ControllerAdvice beans: 0 @ModelAttribute, 0 @InitBinder, 1 RequestBodyAdvice, 1 ResponseBodyAdvice
15:33:06.919 [Test worker] DEBUG org.springframework.web.servlet.mvc.method.annotation.ExceptionHandlerExceptionResolver - ControllerAdvice beans: 0 @ExceptionHandler, 1 ResponseBodyAdvice
15:33:06.961 [Test worker] INFO org.springframework.mock.web.MockServletContext - Initializing Spring TestDispatcherServlet ''
15:33:06.962 [Test worker] INFO org.springframework.test.web.servlet.TestDispatcherServlet - Initializing Servlet ''
15:33:06.966 [Test worker] DEBUG org.springframework.test.web.servlet.TestDispatcherServlet - Detected AcceptHeaderLocaleResolver
15:33:06.967 [Test worker] DEBUG org.springframework.test.web.servlet.TestDispatcherServlet - Detected FixedThemeResolver
15:33:06.968 [Test worker] DEBUG org.springframework.test.web.servlet.TestDispatcherServlet - Detected org.springframework.web.servlet.view.DefaultRequestToViewNameTranslator@ae2db25
15:33:06.968 [Test worker] DEBUG org.springframework.test.web.servlet.TestDispatcherServlet - Detected org.springframework.web.servlet.support.SessionFlashMapManager@363c4251
15:33:06.969 [Test worker] DEBUG org.springframework.test.web.servlet.TestDispatcherServlet - enableLoggingRequestDetails='false': request parameters and headers will be masked to prevent unsafe logging of potentially sensitive data
15:33:06.973 [Test worker] INFO org.springframework.test.web.servlet.TestDispatcherServlet - Completed initialization in 8 ms
15:33:07.043 [Test worker] DEBUG org.springframework.test.web.servlet.TestDispatcherServlet - GET "/v1/api/weather-report", parameters={masked}
15:33:07.066 [Test worker] DEBUG org.springframework.web.servlet.mvc.method.annotation.RequestMappingHandlerMapping - Mapped to org.adaschool.Weather.controller.WeatherReportController#getWeatherReport(double, double)
15:33:07.132 [Test worker] DEBUG org.springframework.web.servlet.mvc.method.annotation.RequestResponseBodyMethodProcessor - Using 'application/json', given [*/*] and supported [application/json, application/*+json]
15:33:07.133 [Test worker] DEBUG org.springframework.web.servlet.mvc.method.annotation.RequestResponseBodyMethodProcessor - Writing [org.adaschool.Weather.data.WeatherReport@97a145b]
15:33:07.147 [Test worker] DEBUG org.springframework.test.web.servlet.TestDispatcherServlet - Completed 200 OK
]]></system-out>
  <system-err><![CDATA[]]></system-err>
</testsuite>
